[2016-03-27 19:01:39] local.ERROR: exception 'InvalidArgumentException' with message 'View [show] not found.' in E:\WWW\three\yizu\muke\vendor\laravel\framework\src\Illuminate\View\FileViewFinder.php:137
Stack trace:
#0 E:\WWW\three\yizu\muke\vendor\laravel\framework\src\Illuminate\View\FileViewFinder.php(79): Illuminate\View\FileViewFinder->findInPaths('show', Array)
#1 E:\WWW\three\yizu\muke\vendor\laravel\framework\src\Illuminate\View\Factory.php(151): Illuminate\View\FileViewFinder->find('show')
#2 E:\WWW\three\yizu\muke\vendor\laravel\framework\src\Illuminate\Foundation\helpers.php(779): Illuminate\View\Factory->make('show', Array, Array)
#3 E:\WWW\three\yizu\muke\app\Http\Controllers\ArticleController.php(19): view('show')
#4 [internal function]: App\Http\Controllers\ArticleController->show()
#5 E:\WWW\three\yizu\muke\vendor\laravel\framework\src\Illuminate\Routing\Controller.php(80): call_user_func_array(Array, Array)
#6 E:\WWW\three\yizu\muke\vendor\laravel\framework\src\Illuminate\Routing\ControllerDispatcher.php(146): Illuminate\Routing\Controller->callAction('show', Array)
#7 E:\WWW\three\yizu\muke\vendor\laravel\framework\src\Illuminate\Routing\ControllerDispatcher.php(94): Illuminate\Routing\ControllerDispatcher->call(Object(App\Http\Controllers\ArticleController), Object(Illuminate\Routing\Route), 'show')
#8 [internal function]: Illuminate\Routing\ControllerDispatcher->Illuminate\Routing\{closure}(Object(Illuminate\Http\Request))
#9 E:\WWW\three\yizu\muke\vendor\laravel\framework\src\Illuminate\Routing\Pipeline.php(52): call_user_func(Object(Closure), Object(Illuminate\Http\Request))
#10 [internal function]: Illuminate\Routing\Pipeline->Illuminate\Routing\{closure}(Object(Illuminate\Http\Request))
#11 E:\WWW\three\yizu\muke\vendor\laravel\framework\src\Illuminate\Pipeline\Pipeline.php(103): call_user_func(Object(Closure), Object(Illuminate\Http\Request))
#12 E:\WWW\three\yizu\muke\vendor\laravel\framework\src\Illuminate\Routing\ControllerDispatcher.php(96): Illuminate\Pipeline\Pipeline->then(Object(Closure))
#13 E:\WWW\three\yizu\muke\vendor\laravel\framework\src\Illuminate\Routing\ControllerDispatcher.php(54): Illuminate\Routing\ControllerDispatcher->callWithinStack(Object(App\Http\Controllers\ArticleController), Object(Illuminate\Routing\Route), Object(Illuminate\Http\Request), 'show')
#14 E:\WWW\three\yizu\muke\vendor\laravel\framework\src\Illuminate\Routing\Route.php(174): Illuminate\Routing\ControllerDispatcher->dispatch(Object(Illuminate\Routing\Route), Object(Illuminate\Http\Request), 'App\\Http\\Contro...', 'show')
#15 E:\WWW\three\yizu\muke\vendor\laravel\framework\src\Illuminate\Routing\Route.php(140): Illuminate\Routing\Route->runController(Object(Illuminate\Http\Request))
#16 E:\WWW\three\yizu\muke\vendor\laravel\framework\src\Illuminate\Routing\Router.php(724): Illuminate\Routing\Route->run(Object(Illuminate\Http\Request))
#17 [internal function]: Illuminate\Routing\Router->Illuminate\Routing\{closure}(Object(Illuminate\Http\Request))
#18 E:\WWW\three\yizu\muke\vendor\laravel\framework\src\Illuminate\Routing\Pipeline.php(52): call_user_func(Object(Closure), Object(Illuminate\Http\Request))
#19 [internal function]: Illuminate\Routing\Pipeline->Illuminate\Routing\{closure}(Object(Illuminate\Http\Request))
#20 E:\WWW\three\yizu\muke\vendor\laravel\framework\src\Illuminate\Pipeline\Pipeline.php(103): call_user_func(Object(Closure), Object(Illuminate\Http\Request))
#21 E:\WWW\three\yizu\muke\vendor\laravel\framework\src\Illuminate\Routing\Router.php(726): Illuminate\Pipeline\Pipeline->then(Object(Closure))
#22 E:\WWW\three\yizu\muke\vendor\laravel\framework\src\Illuminate\Routing\Router.php(699): Illuminate\Routing\Router->runRouteWithinStack(Object(Illuminate\Routing\Route), Object(Illuminate\Http\Request))
#23 E:\WWW\three\yizu\muke\vendor\laravel\framework\src\Illuminate\Routing\Router.php(675): Illuminate\Routing\Router->dispatchToRoute(Object(Illuminate\Http\Request))
#24 E:\WWW\three\yizu\muke\vendor\laravel\framework\src\Illuminate\Foundation\Http\Kernel.php(246): Illuminate\Routing\Router->dispatch(Object(Illuminate\Http\Request))
#25 [internal function]: Illuminate\Foundation\Http\Kernel->Illuminate\Foundation\Http\{closure}(Object(Illuminate\Http\Request))
#26 E:\WWW\three\yizu\muke\vendor\laravel\framework\src\Illuminate\Routing\Pipeline.php(52): call_user_func(Object(Closure), Object(Illuminate\Http\Request))
#27 E:\WWW\three\yizu\muke\vendor\laravel\framework\src\Illuminate\Foundation\Http\Middleware\CheckForMaintenanceMode.php(44): Illuminate\Routing\Pipeline->Illuminate\Routing\{closure}(Object(Illuminate\Http\Request))
#28 [internal function]: Illuminate\Foundation\Http\Middleware\CheckForMaintenanceMode->handle(Object(Illuminate\Http\Request), Object(Closure))
#29 E:\WWW\three\yizu\muke\vendor\laravel\framework\src\Illuminate\Pipeline\Pipeline.php(124): call_user_func_array(Array, Array)
#30 [internal function]: Illuminate\Pipeline\Pipeline->Illuminate\Pipeline\{closure}(Object(Illuminate\Http\Request))
#31 E:\WWW\three\yizu\muke\vendor\laravel\framework\src\Illuminate\Routing\Pipeline.php(32): call_user_func(Object(Closure), Object(Illuminate\Http\Request))
#32 [internal function]: Illuminate\Routing\Pipeline->Illuminate\Routing\{closure}(Object(Illuminate\Http\Request))
#33 E:\WWW\three\yizu\muke\vendor\laravel\framework\src\Illuminate\Pipeline\Pipeline.php(103): call_user_func(Object(Closure), Object(Illuminate\Http\Request))
#34 E:\WWW\three\yizu\muke\vendor\laravel\framework\src\Illuminate\Foundation\Http\Kernel.php(132): Illuminate\Pipeline\Pipeline->then(Object(Closure))
#35 E:\WWW\three\yizu\muke\vendor\laravel\framework\src\Illuminate\Foundation\Http\Kernel.php(99): Illuminate\Foundation\Http\Kernel->sendRequestThroughRouter(Object(Illuminate\Http\Request))
#36 E:\WWW\three\yizu\muke\public\index.php(54): Illuminate\Foundation\Http\Kernel->handle(Object(Illuminate\Http\Request))
#37 {main}  
[2016-03-27 19:04:16] local.ERROR: exception 'ErrorException' with message 'Undefined variable: _SESSION' in E:\WWW\three\yizu\muke\storage\framework\views\2eadcab2f5e0226b402e5ce17459460fafa45ae9.php:5
Stack trace:
#0 E:\WWW\three\yizu\muke\storage\framework\views\2eadcab2f5e0226b402e5ce17459460fafa45ae9.php(5): Illuminate\Foundation\Bootstrap\HandleExceptions->handleError(8, 'Undefined varia...', 'E:\\WWW\\three\\yi...', 5, Array)
#1 E:\WWW\three\yizu\muke\vendor\laravel\framework\src\Illuminate\View\Engines\PhpEngine.php(42): include('E:\\WWW\\three\\yi...')
#2 E:\WWW\three\yizu\muke\vendor\laravel\framework\src\Illuminate\View\Engines\CompilerEngine.php(59): Illuminate\View\Engines\PhpEngine->evaluatePath('E:\\WWW\\three\\yi...', Array)
#3 E:\WWW\three\yizu\muke\vendor\laravel\framework\src\Illuminate\View\View.php(147): Illuminate\View\Engines\CompilerEngine->get('E:\\WWW\\three\\yi...', Array)
#4 E:\WWW\three\yizu\muke\vendor\laravel\framework\src\Illuminate\View\View.php(118): Illuminate\View\View->getContents()
#5 E:\WWW\three\yizu\muke\vendor\laravel\framework\src\Illuminate\View\View.php(83): Illuminate\View\View->renderContents()
#6 E:\WWW\three\yizu\muke\vendor\laravel\framework\src\Illuminate\Http\Response.php(53): Illuminate\View\View->render()
#7 E:\WWW\three\yizu\muke\vendor\symfony\http-foundation\Response.php(199): Illuminate\Http\Response->setContent(Object(Illuminate\View\View))
#8 E:\WWW\three\yizu\muke\vendor\laravel\framework\src\Illuminate\Routing\Router.php(1087): Symfony\Component\HttpFoundation\Response->__construct(Object(Illuminate\View\View))
#9 E:\WWW\three\yizu\muke\vendor\laravel\framework\src\Illuminate\Routing\ControllerDispatcher.php(95): Illuminate\Routing\Router->prepareResponse(Object(Illuminate\Http\Request), Object(Illuminate\View\View))
#10 [internal function]: Illuminate\Routing\ControllerDispatcher->Illuminate\Routing\{closure}(Object(Illuminate\Http\Request))
#11 E:\WWW\three\yizu\muke\vendor\laravel\framework\src\Illuminate\Routing\Pipeline.php(52): call_user_func(Object(Closure), Object(Illuminate\Http\Request))
#12 [internal function]: Illuminate\Routing\Pipeline->Illuminate\Routing\{closure}(Object(Illuminate\Http\Request))
#13 E:\WWW\three\yizu\muke\vendor\laravel\framework\src\Illuminate\Pipeline\Pipeline.php(103): call_user_func(Object(Closure), Object(Illuminate\Http\Request))
#14 E:\WWW\three\yizu\muke\vendor\laravel\framework\src\Illuminate\Routing\ControllerDispatcher.php(96): Illuminate\Pipeline\Pipeline->then(Object(Closure))
#15 E:\WWW\three\yizu\muke\vendor\laravel\framework\src\Illuminate\Routing\ControllerDispatcher.php(54): Illuminate\Routing\ControllerDispatcher->callWithinStack(Object(App\Http\Controllers\CourseController), Object(Illuminate\Routing\Route), Object(Illuminate\Http\Request), 'course')
#16 E:\WWW\three\yizu\muke\vendor\laravel\framework\src\Illuminate\Routing\Route.php(174): Illuminate\Routing\ControllerDispatcher->dispatch(Object(Illuminate\Routing\Route), Object(Illuminate\Http\Request), 'App\\Http\\Contro...', 'course')
#17 E:\WWW\three\yizu\muke\vendor\laravel\framework\src\Illuminate\Routing\Route.php(140): Illuminate\Routing\Route->runController(Object(Illuminate\Http\Request))
#18 E:\WWW\three\yizu\muke\vendor\laravel\framework\src\Illuminate\Routing\Router.php(724): Illuminate\Routing\Route->run(Object(Illuminate\Http\Request))
#19 [internal function]: Illuminate\Routing\Router->Illuminate\Routing\{closure}(Object(Illuminate\Http\Request))
#20 E:\WWW\three\yizu\muke\vendor\laravel\framework\src\Illuminate\Routing\Pipeline.php(52): call_user_func(Object(Closure), Object(Illuminate\Http\Request))
#21 [internal function]: Illuminate\Routing\Pipeline->Illuminate\Routing\{closure}(Object(Illuminate\Http\Request))
#22 E:\WWW\three\yizu\muke\vendor\laravel\framework\src\Illuminate\Pipeline\Pipeline.php(103): call_user_func(Object(Closure), Object(Illuminate\Http\Request))
#23 E:\WWW\three\yizu\muke\vendor\laravel\framework\src\Illuminate\Routing\Router.php(726): Illuminate\Pipeline\Pipeline->then(Object(Closure))
#24 E:\WWW\three\yizu\muke\vendor\laravel\framework\src\Illuminate\Routing\Router.php(699): Illuminate\Routing\Router->runRouteWithinStack(Object(Illuminate\Routing\Route), Object(Illuminate\Http\Request))
#25 E:\WWW\three\yizu\muke\vendor\laravel\framework\src\Illuminate\Routing\Router.php(675): Illuminate\Routing\Router->dispatchToRoute(Object(Illuminate\Http\Request))
#26 E:\WWW\three\yizu\muke\vendor\laravel\framework\src\Illuminate\Foundation\Http\Kernel.php(246): Illuminate\Routing\Router->dispatch(Object(Illuminate\Http\Request))
#27 [internal function]: Illuminate\Foundation\Http\Kernel->Illuminate\Foundation\Http\{closure}(Object(Illuminate\Http\Request))
#28 E:\WWW\three\yizu\muke\vendor\laravel\framework\src\Illuminate\Routing\Pipeline.php(52): call_user_func(Object(Closure), Object(Illuminate\Http\Request))
#29 E:\WWW\three\yizu\muke\vendor\laravel\framework\src\Illuminate\Foundation\Http\Middleware\CheckForMaintenanceMode.php(44): Illuminate\Routing\Pipeline->Illuminate\Routing\{closure}(Object(Illuminate\Http\Request))
#30 [internal function]: Illuminate\Foundation\Http\Middleware\CheckForMaintenanceMode->handle(Object(Illuminate\Http\Request), Object(Closure))
#31 E:\WWW\three\yizu\muke\vendor\laravel\framework\src\Illuminate\Pipeline\Pipeline.php(124): call_user_func_array(Array, Array)
#32 [internal function]: Illuminate\Pipeline\Pipeline->Illuminate\Pipeline\{closure}(Object(Illuminate\Http\Request))
#33 E:\WWW\three\yizu\muke\vendor\laravel\framework\src\Illuminate\Routing\Pipeline.php(32): call_user_func(Object(Closure), Object(Illuminate\Http\Request))
#34 [internal function]: Illuminate\Routing\Pipeline->Illuminate\Routing\{closure}(Object(Illuminate\Http\Request))
#35 E:\WWW\three\yizu\muke\vendor\laravel\framework\src\Illuminate\Pipeline\Pipeline.php(103): call_user_func(Object(Closure), Object(Illuminate\Http\Request))
#36 E:\WWW\three\yizu\muke\vendor\laravel\framework\src\Illuminate\Foundation\Http\Kernel.php(132): Illuminate\Pipeline\Pipeline->then(Object(Closure))
#37 E:\WWW\three\yizu\muke\vendor\laravel\framework\src\Illuminate\Foundation\Http\Kernel.php(99): Illuminate\Foundation\Http\Kernel->sendRequestThroughRouter(Object(Illuminate\Http\Request))
#38 E:\WWW\three\yizu\muke\public\index.php(54): Illuminate\Foundation\Http\Kernel->handle(Object(Illuminate\Http\Request))
#39 {main}

Next exception 'ErrorException' with message 'Undefined variable: _SESSION (View: E:\WWW\three\yizu\muke\resources\views\course\course.blade.php)' in E:\WWW\three\yizu\muke\storage\framework\views\2eadcab2f5e0226b402e5ce17459460fafa45ae9.php:5
Stack trace:
#0 E:\WWW\three\yizu\muke\vendor\laravel\framework\src\Illuminate\View\Engines\PhpEngine.php(44): Illuminate\View\Engines\CompilerEngine->handleViewException(Object(ErrorException), 1)
#1 E:\WWW\three\yizu\muke\vendor\laravel\framework\src\Illuminate\View\Engines\CompilerEngine.php(59): Illuminate\View\Engines\PhpEngine->evaluatePath('E:\\WWW\\three\\yi...', Array)
#2 E:\WWW\three\yizu\muke\vendor\laravel\framework\src\Illuminate\View\View.php(147): Illuminate\View\Engines\CompilerEngine->get('E:\\WWW\\three\\yi...', Array)
#3 E:\WWW\three\yizu\muke\vendor\laravel\framework\src\Illuminate\View\View.php(118): Illuminate\View\View->getContents()
#4 E:\WWW\three\yizu\muke\vendor\laravel\framework\src\Illuminate\View\View.php(83): Illuminate\View\View->renderContents()
#5 E:\WWW\three\yizu\muke\vendor\laravel\framework\src\Illuminate\Http\Response.php(53): Illuminate\View\View->render()
#6 E:\WWW\three\yizu\muke\vendor\symfony\http-foundation\Response.php(199): Illuminate\Http\Response->setContent(Object(Illuminate\View\View))
#7 E:\WWW\three\yizu\muke\vendor\laravel\framework\src\Illuminate\Routing\Router.php(1087): Symfony\Component\HttpFoundation\Response->__construct(Object(Illuminate\View\View))
#8 E:\WWW\three\yizu\muke\vendor\laravel\framework\src\Illuminate\Routing\ControllerDispatcher.php(95): Illuminate\Routing\Router->prepareResponse(Object(Illuminate\Http\Request), Object(Illuminate\View\View))
#9 [internal function]: Illuminate\Routing\ControllerDispatcher->Illuminate\Routing\{closure}(Object(Illuminate\Http\Request))
#10 E:\WWW\three\yizu\muke\vendor\laravel\framework\src\Illuminate\Routing\Pipeline.php(52): call_user_func(Object(Closure), Object(Illuminate\Http\Request))
#11 [internal function]: Illuminate\Routing\Pipeline->Illuminate\Routing\{closure}(Object(Illuminate\Http\Request))
#12 E:\WWW\three\yizu\muke\vendor\laravel\framework\src\Illuminate\Pipeline\Pipeline.php(103): call_user_func(Object(Closure), Object(Illuminate\Http\Request))
#13 E:\WWW\three\yizu\muke\vendor\laravel\framework\src\Illuminate\Routing\ControllerDispatcher.php(96): Illuminate\Pipeline\Pipeline->then(Object(Closure))
#14 E:\WWW\three\yizu\muke\vendor\laravel\framework\src\Illuminate\Routing\ControllerDispatcher.php(54): Illuminate\Routing\ControllerDispatcher->callWithinStack(Object(App\Http\Controllers\CourseController), Object(Illuminate\Routing\Route), Object(Illuminate\Http\Request), 'course')
#15 E:\WWW\three\yizu\muke\vendor\laravel\framework\src\Illuminate\Routing\Route.php(174): Illuminate\Routing\ControllerDispatcher->dispatch(Object(Illuminate\Routing\Route), Object(Illuminate\Http\Request), 'App\\Http\\Contro...', 'course')
#16 E:\WWW\three\yizu\muke\vendor\laravel\framework\src\Illuminate\Routing\Route.php(140): Illuminate\Routing\Route->runController(Object(Illuminate\Http\Request))
#17 E:\WWW\three\yizu\muke\vendor\laravel\framework\src\Illuminate\Routing\Router.php(724): Illuminate\Routing\Route->run(Object(Illuminate\Http\Request))
#18 [internal function]: Illuminate\Routing\Router->Illuminate\Routing\{closure}(Object(Illuminate\Http\Request))
#19 E:\WWW\three\yizu\muke\vendor\laravel\framework\src\Illuminate\Routing\Pipeline.php(52): call_user_func(Object(Closure), Object(Illuminate\Http\Request))
#20 [internal function]: Illuminate\Routing\Pipeline->Illuminate\Routing\{closure}(Object(Illuminate\Http\Request))
#21 E:\WWW\three\yizu\muke\vendor\laravel\framework\src\Illuminate\Pipeline\Pipeline.php(103): call_user_func(Object(Closure), Object(Illuminate\Http\Request))
#22 E:\WWW\three\yizu\muke\vendor\laravel\framework\src\Illuminate\Routing\Router.php(726): Illuminate\Pipeline\Pipeline->then(Object(Closure))
#23 E:\WWW\three\yizu\muke\vendor\laravel\framework\src\Illuminate\Routing\Router.php(699): Illuminate\Routing\Router->runRouteWithinStack(Object(Illuminate\Routing\Route), Object(Illuminate\Http\Request))
#24 E:\WWW\three\yizu\muke\vendor\laravel\framework\src\Illuminate\Routing\Router.php(675): Illuminate\Routing\Router->dispatchToRoute(Object(Illuminate\Http\Request))
#25 E:\WWW\three\yizu\muke\vendor\laravel\framework\src\Illuminate\Foundation\Http\Kernel.php(246): Illuminate\Routing\Router->dispatch(Object(Illuminate\Http\Request))
#26 [internal function]: Illuminate\Foundation\Http\Kernel->Illuminate\Foundation\Http\{closure}(Object(Illuminate\Http\Request))
#27 E:\WWW\three\yizu\muke\vendor\laravel\framework\src\Illuminate\Routing\Pipeline.php(52): call_user_func(Object(Closure), Object(Illuminate\Http\Request))
#28 E:\WWW\three\yizu\muke\vendor\laravel\framework\src\Illuminate\Foundation\Http\Middleware\CheckForMaintenanceMode.php(44): Illuminate\Routing\Pipeline->Illuminate\Routing\{closure}(Object(Illuminate\Http\Request))
#29 [internal function]: Illuminate\Foundation\Http\Middleware\CheckForMaintenanceMode->handle(Object(Illuminate\Http\Request), Object(Closure))
#30 E:\WWW\three\yizu\muke\vendor\laravel\framework\src\Illuminate\Pipeline\Pipeline.php(124): call_user_func_array(Array, Array)
#31 [internal function]: Illuminate\Pipeline\Pipeline->Illuminate\Pipeline\{closure}(Object(Illuminate\Http\Request))
#32 E:\WWW\three\yizu\muke\vendor\laravel\framework\src\Illuminate\Routing\Pipeline.php(32): call_user_func(Object(Closure), Object(Illuminate\Http\Request))
#33 [internal function]: Illuminate\Routing\Pipeline->Illuminate\Routing\{closure}(Object(Illuminate\Http\Request))
#34 E:\WWW\three\yizu\muke\vendor\laravel\framework\src\Illuminate\Pipeline\Pipeline.php(103): call_user_func(Object(Closure), Object(Illuminate\Http\Request))
#35 E:\WWW\three\yizu\muke\vendor\laravel\framework\src\Illuminate\Foundation\Http\Kernel.php(132): Illuminate\Pipeline\Pipeline->then(Object(Closure))
#36 E:\WWW\three\yizu\muke\vendor\laravel\framework\src\Illuminate\Foundation\Http\Kernel.php(99): Illuminate\Foundation\Http\Kernel->sendRequestThroughRouter(Object(Illuminate\Http\Request))
#37 E:\WWW\three\yizu\muke\public\index.php(54): Illuminate\Foundation\Http\Kernel->handle(Object(Illuminate\Http\Request))
#38 {main}  
[2016-03-27 19:13:18] local.ERROR: exception 'ErrorException' with message 'Missing argument 1 for Illuminate\Database\Connection::select()' in E:\WWW\three\yizu\muke\vendor\laravel\framework\src\Illuminate\Database\Connection.php:323
Stack trace:
#0 E:\WWW\three\yizu\muke\vendor\laravel\framework\src\Illuminate\Database\Connection.php(323): Illuminate\Foundation\Bootstrap\HandleExceptions->handleError(2, 'Missing argumen...', 'E:\\WWW\\three\\yi...', 323, Array)
#1 [internal function]: Illuminate\Database\Connection->select()
#2 E:\WWW\three\yizu\muke\vendor\laravel\framework\src\Illuminate\Database\DatabaseManager.php(317): call_user_func_array(Array, Array)
#3 E:\WWW\three\yizu\muke\vendor\laravel\framework\src\Illuminate\Support\Facades\Facade.php(215): Illuminate\Database\DatabaseManager->__call('select', Array)
#4 E:\WWW\three\yizu\muke\vendor\laravel\framework\src\Illuminate\Support\Facades\Facade.php(215): Illuminate\Database\DatabaseManager->select()
#5 E:\WWW\three\yizu\muke\app\Http\Controllers\CourseController.php(22): Illuminate\Support\Facades\Facade::__callStatic('select', Array)
#6 E:\WWW\three\yizu\muke\app\Http\Controllers\CourseController.php(22): Illuminate\Support\Facades\DB::select()
#7 [internal function]: App\Http\Controllers\CourseController->course()
#8 E:\WWW\three\yizu\muke\vendor\laravel\framework\src\Illuminate\Routing\Controller.php(80): call_user_func_array(Array, Array)
#9 E:\WWW\three\yizu\muke\vendor\laravel\framework\src\Illuminate\Routing\ControllerDispatcher.php(146): Illuminate\Routing\Controller->callAction('course', Array)
#10 E:\WWW\three\yizu\muke\vendor\laravel\framework\src\Illuminate\Routing\ControllerDispatcher.php(94): Illuminate\Routing\ControllerDispatcher->call(Object(App\Http\Controllers\CourseController), Object(Illuminate\Routing\Route), 'course')
#11 [internal function]: Illuminate\Routing\ControllerDispatcher->Illuminate\Routing\{closure}(Object(Illuminate\Http\Request))
#12 E:\WWW\three\yizu\muke\vendor\laravel\framework\src\Illuminate\Routing\Pipeline.php(52): call_user_func(Object(Closure), Object(Illuminate\Http\Request))
#13 [internal function]: Illuminate\Routing\Pipeline->Illuminate\Routing\{closure}(Object(Illuminate\Http\Request))
#14 E:\WWW\three\yizu\muke\vendor\laravel\framework\src\Illuminate\Pipeline\Pipeline.php(103): call_user_func(Object(Closure), Object(Illuminate\Http\Request))
#15 E:\WWW\three\yizu\muke\vendor\laravel\framework\src\Illuminate\Routing\ControllerDispatcher.php(96): Illuminate\Pipeline\Pipeline->then(Object(Closure))
#16 E:\WWW\three\yizu\muke\vendor\laravel\framework\src\Illuminate\Routing\ControllerDispatcher.php(54): Illuminate\Routing\ControllerDispatcher->callWithinStack(Object(App\Http\Controllers\CourseController), Object(Illuminate\Routing\Route), Object(Illuminate\Http\Request), 'course')
#17 E:\WWW\three\yizu\muke\vendor\laravel\framework\src\Illuminate\Routing\Route.php(174): Illuminate\Routing\ControllerDispatcher->dispatch(Object(Illuminate\Routing\Route), Object(Illuminate\Http\Request), 'App\\Http\\Contro...', 'course')
#18 E:\WWW\three\yizu\muke\vendor\laravel\framework\src\Illuminate\Routing\Route.php(140): Illuminate\Routing\Route->runController(Object(Illuminate\Http\Request))
#19 E:\WWW\three\yizu\muke\vendor\laravel\framework\src\Illuminate\Routing\Router.php(724): Illuminate\Routing\Route->run(Object(Illuminate\Http\Request))
#20 [internal function]: Illuminate\Routing\Router->Illuminate\Routing\{closure}(Object(Illuminate\Http\Request))
#21 E:\WWW\three\yizu\muke\vendor\laravel\framework\src\Illuminate\Routing\Pipeline.php(52): call_user_func(Object(Closure), Object(Illuminate\Http\Request))
#22 [internal function]: Illuminate\Routing\Pipeline->Illuminate\Routing\{closure}(Object(Illuminate\Http\Request))
#23 E:\WWW\three\yizu\muke\vendor\laravel\framework\src\Illuminate\Pipeline\Pipeline.php(103): call_user_func(Object(Closure), Object(Illuminate\Http\Request))
#24 E:\WWW\three\yizu\muke\vendor\laravel\framework\src\Illuminate\Routing\Router.php(726): Illuminate\Pipeline\Pipeline->then(Object(Closure))
#25 E:\WWW\three\yizu\muke\vendor\laravel\framework\src\Illuminate\Routing\Router.php(699): Illuminate\Routing\Router->runRouteWithinStack(Object(Illuminate\Routing\Route), Object(Illuminate\Http\Request))
#26 E:\WWW\three\yizu\muke\vendor\laravel\framework\src\Illuminate\Routing\Router.php(675): Illuminate\Routing\Router->dispatchToRoute(Object(Illuminate\Http\Request))
#27 E:\WWW\three\yizu\muke\vendor\laravel\framework\src\Illuminate\Foundation\Http\Kernel.php(246): Illuminate\Routing\Router->dispatch(Object(Illuminate\Http\Request))
#28 [internal function]: Illuminate\Foundation\Http\Kernel->Illuminate\Foundation\Http\{closure}(Object(Illuminate\Http\Request))
#29 E:\WWW\three\yizu\muke\vendor\laravel\framework\src\Illuminate\Routing\Pipeline.php(52): call_user_func(Object(Closure), Object(Illuminate\Http\Request))
#30 E:\WWW\three\yizu\muke\vendor\laravel\framework\src\Illuminate\Foundation\Http\Middleware\CheckForMaintenanceMode.php(44): Illuminate\Routing\Pipeline->Illuminate\Routing\{closure}(Object(Illuminate\Http\Request))
#31 [internal function]: Illuminate\Foundation\Http\Middleware\CheckForMaintenanceMode->handle(Object(Illuminate\Http\Request), Object(Closure))
#32 E:\WWW\three\yizu\muke\vendor\laravel\framework\src\Illuminate\Pipeline\Pipeline.php(124): call_user_func_array(Array, Array)
#33 [internal function]: Illuminate\Pipeline\Pipeline->Illuminate\Pipeline\{closure}(Object(Illuminate\Http\Request))
#34 E:\WWW\three\yizu\muke\vendor\laravel\framework\src\Illuminate\Routing\Pipeline.php(32): call_user_func(Object(Closure), Object(Illuminate\Http\Request))
#35 [internal function]: Illuminate\Routing\Pipeline->Illuminate\Routing\{closure}(Object(Illuminate\Http\Request))
#36 E:\WWW\three\yizu\muke\vendor\laravel\framework\src\Illuminate\Pipeline\Pipeline.php(103): call_user_func(Object(Closure), Object(Illuminate\Http\Request))
#37 E:\WWW\three\yizu\muke\vendor\laravel\framework\src\Illuminate\Foundation\Http\Kernel.php(132): Illuminate\Pipeline\Pipeline->then(Object(Closure))
#38 E:\WWW\three\yizu\muke\vendor\laravel\framework\src\Illuminate\Foundation\Http\Kernel.php(99): Illuminate\Foundation\Http\Kernel->sendRequestThroughRouter(Object(Illuminate\Http\Request))
#39 E:\WWW\three\yizu\muke\public\index.php(54): Illuminate\Foundation\Http\Kernel->handle(Object(Illuminate\Http\Request))
#40 {main}  
